// 2022 features / Class static initialization blocks
module.exports = () => {
let ok = false;
class A {
static { ok = true; }
}
return ok;

};
----------------------------------------------------------
java.lang.RuntimeException: INTERNAL COMPILER ERROR.
Please report this problem.

Unexpected class member: (BLOCK 5:7  [length: 14] [source_file: es2016plus/nightly/2022_features/Class_static_initialization_blocks/in.js])
  Node(CLASS): es2016plus/nightly/2022_features/Class_static_initialization_blocks/in.js:4:0
class A {
  Parent(BLOCK): es2016plus/nightly/2022_features/Class_static_initialization_blocks/in.js:2:23
module.exports = () => {

	at com.google.javascript.jscomp.Compiler.throwInternalError(Compiler.java:3193)
	at com.google.javascript.jscomp.NodeTraversal.throwUnexpectedException(NodeTraversal.java:509)
	at com.google.javascript.jscomp.NodeTraversal.traverse(NodeTraversal.java:529)
	at com.google.javascript.jscomp.NodeTraversal$Builder.traverse(NodeTraversal.java:465)
	at com.google.javascript.jscomp.NodeTraversal.traverse(NodeTraversal.java:535)
	at com.google.javascript.jscomp.TranspilationPasses.processTranspile(TranspilationPasses.java:457)
	at com.google.javascript.jscomp.Es6RewriteClass.process(Es6RewriteClass.java:68)
	at com.google.javascript.jscomp.PhaseOptimizer$NamedPass.process(PhaseOptimizer.java:240)
	at com.google.javascript.jscomp.PhaseOptimizer.process(PhaseOptimizer.java:179)
	at com.google.javascript.jscomp.Compiler.performTranspilationAndOptimizations(Compiler.java:2875)
	at com.google.javascript.jscomp.Compiler.lambda$stage2Passes$5(Compiler.java:953)
	at com.google.javascript.jscomp.CompilerExecutor.lambda$runInCompilerThread$0(CompilerExecutor.java:100)
	at java.base@17.0.5/java.util.concurrent.FutureTask.run(FutureTask.java:264)
	at java.base@17.0.5/java.util.concurrent.ThreadPoolExecutor.runWorker(ThreadPoolExecutor.java:1136)
	at java.base@17.0.5/java.util.concurrent.ThreadPoolExecutor$Worker.run(ThreadPoolExecutor.java:635)
	at java.base@17.0.5/java.lang.Thread.run(Thread.java:833)
	at org.graalvm.nativeimage.builder/com.oracle.svm.core.thread.PlatformThreads.threadStartRoutine(PlatformThreads.java:775)
	at org.graalvm.nativeimage.builder/com.oracle.svm.core.posix.thread.PosixPlatformThreads.pthreadStartRoutine(PosixPlatformThreads.java:203)
Caused by: java.lang.IllegalStateException: Unexpected class member: (BLOCK 5:7  [length: 14] [source_file: es2016plus/nightly/2022_features/Class_static_initialization_blocks/in.js])
	at com.google.common.base.Preconditions.checkState(Preconditions.java:590)
	at com.google.javascript.jscomp.Es6RewriteClass.visitClass(Es6RewriteClass.java:155)
	at com.google.javascript.jscomp.Es6RewriteClass.visit(Es6RewriteClass.java:98)
	at com.google.javascript.jscomp.NodeTraversal.handleClass(NodeTraversal.java:1057)
	at com.google.javascript.jscomp.NodeTraversal.traverseBranch(NodeTraversal.java:911)
	at com.google.javascript.jscomp.NodeTraversal.traverseBranch(NodeTraversal.java:953)
	at com.google.javascript.jscomp.NodeTraversal.traverseFunction(NodeTraversal.java:1008)
	at com.google.javascript.jscomp.NodeTraversal.handleFunction(NodeTraversal.java:859)
	at com.google.javascript.jscomp.NodeTraversal.traverseBranch(NodeTraversal.java:905)
	at com.google.javascript.jscomp.NodeTraversal.traverseBranch(NodeTraversal.java:953)
	at com.google.javascript.jscomp.NodeTraversal.traverseBranch(NodeTraversal.java:953)
	at com.google.javascript.jscomp.NodeTraversal.traverseChildren(NodeTraversal.java:1131)
	at com.google.javascript.jscomp.NodeTraversal.handleScript(NodeTraversal.java:847)
	at com.google.javascript.jscomp.NodeTraversal.traverseBranch(NodeTraversal.java:902)
	at com.google.javascript.jscomp.NodeTraversal.traverse(NodeTraversal.java:526)
	... 15 more
